  main.cpp
C:\Users\cjw1464\source\repos\Character_LOD\include\GLFW\glfw3.h(2540,1): warning C4819: 현재 코드 페이지(949)에서 표시할 수 없는 문자가 파일에 들어 있습니다. 데이터가 손실되지 않게 하려면 해당 파일을 유니코드 형식으로 저장하십시오.
C:\Users\cjw1464\source\repos\Character_LOD\Character_LOD\ModelView.hpp(34,10): warning C4477: 'printf' : 서식 문자열 '%d'에 'int' 형식의 인수가 필요하지만 variadic 인수 1의 형식이 'size_t'입니다.
C:\Users\cjw1464\source\repos\Character_LOD\Character_LOD\ModelView.hpp(34,10): message : 서식 문자열에서 '%zd'을(를) 사용하는 것이 좋습니다.
C:\Users\cjw1464\source\repos\Character_LOD\Character_LOD\ModelView.hpp(34,10): warning C4477: 'printf' : 서식 문자열 '%d'에 'int' 형식의 인수가 필요하지만 variadic 인수 2의 형식이 'size_t'입니다.
C:\Users\cjw1464\source\repos\Character_LOD\Character_LOD\ModelView.hpp(34,10): message : 서식 문자열에서 '%zd'을(를) 사용하는 것이 좋습니다.
C:\Users\cjw1464\source\repos\Character_LOD\Character_LOD\ModelView.hpp(62,1): warning C4267: '인수': 'size_t'에서 'GLsizei'(으)로 변환하면서 데이터가 손실될 수 있습니다.
C:\Users\cjw1464\source\repos\Character_LOD\Character_LOD\ModelView.hpp(125,1): warning C4244: '+=': 'double'에서 'float'(으)로 변환하면서 데이터가 손실될 수 있습니다.
C:\Users\cjw1464\source\repos\Character_LOD\Character_LOD\ModelView.hpp(126,1): warning C4244: '+=': 'double'에서 'float'(으)로 변환하면서 데이터가 손실될 수 있습니다.
C:\Users\cjw1464\source\repos\Character_LOD\Character_LOD\ModelView.hpp(146,1): warning C4244: '*=': 'double'에서 'float'(으)로 변환하면서 데이터가 손실될 수 있습니다.
C:\Users\cjw1464\source\repos\Character_LOD\Character_LOD\ModelView.hpp(177,55): warning C4244: '인수': 'T'에서 'GLint'(으)로 변환하면서 데이터가 손실될 수 있습니다.
          with
          [
              T=float
          ]
C:\Users\cjw1464\source\repos\Character_LOD\Character_LOD\ModelView.hpp(177,22): warning C4244: '인수': 'T'에서 'GLint'(으)로 변환하면서 데이터가 손실될 수 있습니다.
          with
          [
              T=float
          ]
C:\Users\cjw1464\source\repos\Character_LOD\Character_LOD\ModelView.hpp(267,1): warning C4305: '인수': 'double'에서 'GLfloat'(으)로 잘립니다.
C:\Users\cjw1464\source\repos\Character_LOD\Character_LOD\AnimView.hpp(24,25): warning C4244: '=': 'double'에서 'float'(으)로 변환하면서 데이터가 손실될 수 있습니다.
C:\Users\cjw1464\source\repos\Character_LOD\Character_LOD\AnimView.hpp(44,12): warning C4244: '초기화 중': 'double'에서 'float'(으)로 변환하면서 데이터가 손실될 수 있습니다.
C:\Users\cjw1464\source\repos\Character_LOD\Character_LOD\motion.hpp(33,1): warning C4305: '인수': 'double'에서 'float'(으)로 잘립니다.
C:\Users\cjw1464\source\repos\Character_LOD\Character_LOD\motion.hpp(34,1): warning C4305: '인수': 'double'에서 'float'(으)로 잘립니다.
C:\Users\cjw1464\source\repos\Character_LOD\Character_LOD\motion.hpp(140,1): warning C4305: '인수': 'double'에서 'float'(으)로 잘립니다.
C:\Users\cjw1464\source\repos\Character_LOD\Character_LOD\readBVH.hpp(68,44): warning C4267: 'return': 'size_t'에서 'const unsigned int'(으)로 변환하면서 데이터가 손실될 수 있습니다.
C:\Users\cjw1464\source\repos\Character_LOD\Character_LOD\readBVH.hpp(72,46): warning C4267: 'return': 'size_t'에서 'const unsigned int'(으)로 변환하면서 데이터가 손실될 수 있습니다.
C:\Users\cjw1464\source\repos\Character_LOD\include\Eigen\src\Core\arch\Default\Half.h(1,1): warning C4819: 현재 코드 페이지(949)에서 표시할 수 없는 문자가 파일에 들어 있습니다. 데이터가 손실되지 않게 하려면 해당 파일을 유니코드 형식으로 저장하십시오.
C:\Users\cjw1464\source\repos\Character_LOD\include\Eigen\src\Core\arch\Default\BFloat16.h(1,1): warning C4819: 현재 코드 페이지(949)에서 표시할 수 없는 문자가 파일에 들어 있습니다. 데이터가 손실되지 않게 하려면 해당 파일을 유니코드 형식으로 저장하십시오.
C:\Users\cjw1464\source\repos\Character_LOD\include\Eigen\src\Core\arch\Default\GenericPacketMathFunctions.h(676,1): warning C4819: 현재 코드 페이지(949)에서 표시할 수 없는 문자가 파일에 들어 있습니다. 데이터가 손실되지 않게 하려면 해당 파일을 유니코드 형식으로 저장하십시오.
C:\Users\cjw1464\source\repos\Character_LOD\include\Eigen\src\Core\products\GeneralBlockPanelKernel.h(2063,1): warning C4819: 현재 코드 페이지(949)에서 표시할 수 없는 문자가 파일에 들어 있습니다. 데이터가 손실되지 않게 하려면 해당 파일을 유니코드 형식으로 저장하십시오.
C:\Users\cjw1464\source\repos\Character_LOD\Character_LOD\PointCloud.hpp(41,31): warning C4018: '<': signed 또는 unsigned가 일치하지 않습니다.
C:\Users\cjw1464\source\repos\Character_LOD\Character_LOD\PointCloud.hpp(45,38): warning C4018: '>=': signed 또는 unsigned가 일치하지 않습니다.
C:\Users\cjw1464\source\repos\Character_LOD\Character_LOD\PointCloud.hpp(81,31): warning C4018: '<': signed 또는 unsigned가 일치하지 않습니다.
C:\Users\cjw1464\source\repos\Character_LOD\Character_LOD\PointCloud.hpp(140,15): warning C4244: '초기화 중': 'Eigen::Index'에서 'int'(으)로 변환하면서 데이터가 손실될 수 있습니다.
C:\Users\cjw1464\source\repos\Character_LOD\Character_LOD\IK.hpp(59,30): warning C4305: '초기화 중': 'double'에서 'float'(으)로 잘립니다.
C:\Users\cjw1464\source\repos\Character_LOD\Character_LOD\IK.hpp(71,39): warning C4305: '초기화 중': 'double'에서 'float'(으)로 잘립니다.
C:\Users\cjw1464\source\repos\Character_LOD\Character_LOD\IK.hpp(99,41): warning C4305: '인수': 'double'에서 'const float'(으)로 잘립니다.
C:\Users\cjw1464\source\repos\Character_LOD\Character_LOD\IK.hpp(158,23): warning C4018: '<': signed 또는 unsigned가 일치하지 않습니다.
C:\Users\cjw1464\source\repos\Character_LOD\Character_LOD\IK.hpp(165,27): warning C4018: '<': signed 또는 unsigned가 일치하지 않습니다.
C:\Users\cjw1464\source\repos\Character_LOD\Character_LOD\IK.hpp(172,29): warning C4018: '>=': signed 또는 unsigned가 일치하지 않습니다.
C:\Users\cjw1464\source\repos\Character_LOD\Character_LOD\IK.hpp(185,30): warning C4018: '>=': signed 또는 unsigned가 일치하지 않습니다.
C:\Users\cjw1464\source\repos\Character_LOD\Character_LOD\IK.hpp(198,27): warning C4018: '<': signed 또는 unsigned가 일치하지 않습니다.
C:\Users\cjw1464\source\repos\Character_LOD\Character_LOD\IK.hpp(297,26): warning C4244: '초기화 중': '_Ty'에서 'float'(으)로 변환하면서 데이터가 손실될 수 있습니다.
          with
          [
              _Ty=int
          ]
C:\Users\cjw1464\source\repos\Character_LOD\Character_LOD\IK.hpp(298,31): warning C4244: '인수': 'float'에서 'const unsigned __int64'(으)로 변환하면서 데이터가 손실될 수 있습니다.
C:\Users\cjw1464\source\repos\Character_LOD\Character_LOD\IK.hpp(317,23): warning C4018: '<': signed 또는 unsigned가 일치하지 않습니다.
C:\Users\cjw1464\source\repos\Character_LOD\Character_LOD\IK.hpp(324,27): warning C4018: '<': signed 또는 unsigned가 일치하지 않습니다.
C:\Users\cjw1464\source\repos\Character_LOD\Character_LOD\IK.hpp(331,29): warning C4018: '>=': signed 또는 unsigned가 일치하지 않습니다.
C:\Users\cjw1464\source\repos\Character_LOD\Character_LOD\IK.hpp(348,30): warning C4018: '>=': signed 또는 unsigned가 일치하지 않습니다.
C:\Users\cjw1464\source\repos\Character_LOD\Character_LOD\IK.hpp(361,27): warning C4018: '<': signed 또는 unsigned가 일치하지 않습니다.
C:\Users\cjw1464\source\repos\Character_LOD\Character_LOD\IK.hpp(468,26): warning C4244: '초기화 중': '_Ty'에서 'float'(으)로 변환하면서 데이터가 손실될 수 있습니다.
          with
          [
              _Ty=int
          ]
C:\Users\cjw1464\source\repos\Character_LOD\Character_LOD\IK.hpp(469,31): warning C4244: '인수': 'float'에서 'const unsigned __int64'(으)로 변환하면서 데이터가 손실될 수 있습니다.
C:\Users\cjw1464\source\repos\Character_LOD\Character_LOD\IK.hpp(486,23): warning C4018: '<': signed 또는 unsigned가 일치하지 않습니다.
C:\Users\cjw1464\source\repos\Character_LOD\Character_LOD\main.cpp(52,26): warning C4018: '<': signed 또는 unsigned가 일치하지 않습니다.
C:\Users\cjw1464\source\repos\Character_LOD\Character_LOD\main.cpp(55,42): warning C4305: '인수': 'double'에서 'float'(으)로 잘립니다.
C:\Users\cjw1464\source\repos\Character_LOD\Character_LOD\main.cpp(60,55): warning C4267: '=': 'size_t'에서 'unsigned int'(으)로 변환하면서 데이터가 손실될 수 있습니다.
  Character_LOD.vcxproj -> C:\Users\cjw1464\source\repos\Character_LOD\x64\Debug\Character_LOD.exe
