  main.cpp
C:\Users\cjw1464\source\repos\Character_LOD\include\GLFW\glfw3.h(2540,1): warning C4819: 현재 코드 페이지(949)에서 표시할 수 없는 문자가 파일에 들어 있습니다. 데이터가 손실되지 않게 하려면 해당 파일을 유니코드 형식으로 저장하십시오.
C:\Users\cjw1464\source\repos\Character_LOD\Character_LOD\ModelView.hpp(34,10): warning C4477: 'printf' : 서식 문자열 '%d'에 'int' 형식의 인수가 필요하지만 variadic 인수 1의 형식이 'size_t'입니다.
C:\Users\cjw1464\source\repos\Character_LOD\Character_LOD\ModelView.hpp(34,10): message : 서식 문자열에서 '%zd'을(를) 사용하는 것이 좋습니다.
C:\Users\cjw1464\source\repos\Character_LOD\Character_LOD\ModelView.hpp(34,10): warning C4477: 'printf' : 서식 문자열 '%d'에 'int' 형식의 인수가 필요하지만 variadic 인수 2의 형식이 'size_t'입니다.
C:\Users\cjw1464\source\repos\Character_LOD\Character_LOD\ModelView.hpp(34,10): message : 서식 문자열에서 '%zd'을(를) 사용하는 것이 좋습니다.
C:\Users\cjw1464\source\repos\Character_LOD\Character_LOD\ModelView.hpp(62,1): warning C4267: '인수': 'size_t'에서 'GLsizei'(으)로 변환하면서 데이터가 손실될 수 있습니다.
C:\Users\cjw1464\source\repos\Character_LOD\Character_LOD\ModelView.hpp(125,1): warning C4244: '+=': 'double'에서 'float'(으)로 변환하면서 데이터가 손실될 수 있습니다.
C:\Users\cjw1464\source\repos\Character_LOD\Character_LOD\ModelView.hpp(126,1): warning C4244: '+=': 'double'에서 'float'(으)로 변환하면서 데이터가 손실될 수 있습니다.
C:\Users\cjw1464\source\repos\Character_LOD\Character_LOD\ModelView.hpp(146,1): warning C4244: '*=': 'double'에서 'float'(으)로 변환하면서 데이터가 손실될 수 있습니다.
C:\Users\cjw1464\source\repos\Character_LOD\Character_LOD\ModelView.hpp(177,55): warning C4244: '인수': 'T'에서 'GLint'(으)로 변환하면서 데이터가 손실될 수 있습니다.
          with
          [
              T=float
          ]
C:\Users\cjw1464\source\repos\Character_LOD\Character_LOD\ModelView.hpp(177,22): warning C4244: '인수': 'T'에서 'GLint'(으)로 변환하면서 데이터가 손실될 수 있습니다.
          with
          [
              T=float
          ]
C:\Users\cjw1464\source\repos\Character_LOD\Character_LOD\ModelView.hpp(267,1): warning C4305: '인수': 'double'에서 'GLfloat'(으)로 잘립니다.
C:\Users\cjw1464\source\repos\Character_LOD\Character_LOD\AnimView.hpp(24,25): warning C4244: '=': 'double'에서 'float'(으)로 변환하면서 데이터가 손실될 수 있습니다.
C:\Users\cjw1464\source\repos\Character_LOD\Character_LOD\AnimView.hpp(44,12): warning C4244: '초기화 중': 'double'에서 'float'(으)로 변환하면서 데이터가 손실될 수 있습니다.
C:\Users\cjw1464\source\repos\Character_LOD\Character_LOD\readBVH.hpp(68,44): warning C4267: 'return': 'size_t'에서 'const unsigned int'(으)로 변환하면서 데이터가 손실될 수 있습니다.
C:\Users\cjw1464\source\repos\Character_LOD\Character_LOD\readBVH.hpp(72,46): warning C4267: 'return': 'size_t'에서 'const unsigned int'(으)로 변환하면서 데이터가 손실될 수 있습니다.
C:\Users\cjw1464\source\repos\Character_LOD\include\Eigen\src\Core\arch\Default\Half.h(1,1): warning C4819: 현재 코드 페이지(949)에서 표시할 수 없는 문자가 파일에 들어 있습니다. 데이터가 손실되지 않게 하려면 해당 파일을 유니코드 형식으로 저장하십시오.
C:\Users\cjw1464\source\repos\Character_LOD\include\Eigen\src\Core\arch\Default\BFloat16.h(1,1): warning C4819: 현재 코드 페이지(949)에서 표시할 수 없는 문자가 파일에 들어 있습니다. 데이터가 손실되지 않게 하려면 해당 파일을 유니코드 형식으로 저장하십시오.
C:\Users\cjw1464\source\repos\Character_LOD\include\Eigen\src\Core\arch\Default\GenericPacketMathFunctions.h(676,1): warning C4819: 현재 코드 페이지(949)에서 표시할 수 없는 문자가 파일에 들어 있습니다. 데이터가 손실되지 않게 하려면 해당 파일을 유니코드 형식으로 저장하십시오.
C:\Users\cjw1464\source\repos\Character_LOD\include\Eigen\src\Core\products\GeneralBlockPanelKernel.h(2063,1): warning C4819: 현재 코드 페이지(949)에서 표시할 수 없는 문자가 파일에 들어 있습니다. 데이터가 손실되지 않게 하려면 해당 파일을 유니코드 형식으로 저장하십시오.
C:\Users\cjw1464\source\repos\Character_LOD\Character_LOD\MotionFitting.hpp(54,30): warning C4305: '초기화 중': 'double'에서 'float'(으)로 잘립니다.
C:\Users\cjw1464\source\repos\Character_LOD\Character_LOD\MotionFitting.hpp(66,39): warning C4305: '초기화 중': 'double'에서 'float'(으)로 잘립니다.
C:\Users\cjw1464\source\repos\Character_LOD\Character_LOD\MotionFitting.hpp(94,41): warning C4305: '인수': 'double'에서 'const float'(으)로 잘립니다.
C:\Users\cjw1464\source\repos\Character_LOD\Character_LOD\KeyReduction.hpp(20,23): warning C4018: '<': signed 또는 unsigned가 일치하지 않습니다.
C:\Users\cjw1464\source\repos\Character_LOD\Character_LOD\KeyReduction.hpp(27,27): warning C4018: '<': signed 또는 unsigned가 일치하지 않습니다.
C:\Users\cjw1464\source\repos\Character_LOD\Character_LOD\KeyReduction.hpp(34,29): warning C4018: '>=': signed 또는 unsigned가 일치하지 않습니다.
C:\Users\cjw1464\source\repos\Character_LOD\Character_LOD\KeyReduction.hpp(50,30): warning C4018: '>=': signed 또는 unsigned가 일치하지 않습니다.
C:\Users\cjw1464\source\repos\Character_LOD\Character_LOD\KeyReduction.hpp(63,27): warning C4018: '<': signed 또는 unsigned가 일치하지 않습니다.
C:\Users\cjw1464\source\repos\Character_LOD\Character_LOD\KeyReduction.hpp(157,13): warning C4129: 'g': 문자 이스케이프 시퀀스를 인식할 수 없습니다.
C:\Users\cjw1464\source\repos\Character_LOD\Character_LOD\KeyReduction.hpp(171,26): warning C4244: '초기화 중': '_Ty'에서 'float'(으)로 변환하면서 데이터가 손실될 수 있습니다.
          with
          [
              _Ty=int
          ]
C:\Users\cjw1464\source\repos\Character_LOD\Character_LOD\KeyReduction.hpp(172,31): warning C4244: '인수': 'float'에서 'const unsigned __int64'(으)로 변환하면서 데이터가 손실될 수 있습니다.
C:\Users\cjw1464\source\repos\Character_LOD\Character_LOD\main.cpp(43,26): warning C4018: '<': signed 또는 unsigned가 일치하지 않습니다.
C:\Users\cjw1464\source\repos\Character_LOD\Character_LOD\main.cpp(46,42): warning C4305: '인수': 'double'에서 'float'(으)로 잘립니다.
C:\Users\cjw1464\source\repos\Character_LOD\Character_LOD\main.cpp(50,55): warning C4267: '=': 'size_t'에서 'unsigned int'(으)로 변환하면서 데이터가 손실될 수 있습니다.
LINK : warning LNK4098: 'LIBCMT' defaultlib가 다른 라이브러리와 충돌합니다. /NODEFAULTLIB:library를 사용하십시오.
  코드를 생성하고 있습니다.
  3 of 3343 functions (<0.1%) were compiled, the rest were copied from previous compilation.
    0 functions were new in current compilation
    2 functions had inline decision re-evaluated but remain unchanged
  코드를 생성했습니다.
JGL.lib(JGL.obj) : warning LNK4099: 'JGL.pdb' PDB를 'JGL.lib(JGL.obj)' 또는 'C:\Users\cjw1464\source\repos\Character_LOD\x64\Release\JGL.pdb'에서 찾을 수 없습니다. 디버그 정보가 없는 것처럼 개체를 링크합니다.
JGL.lib(JGL_Group.obj) : warning LNK4099: 'JGL.pdb' PDB를 'JGL.lib(JGL_Group.obj)' 또는 'C:\Users\cjw1464\source\repos\Character_LOD\x64\Release\JGL.pdb'에서 찾을 수 없습니다. 디버그 정보가 없는 것처럼 개체를 링크합니다.
JGL.lib(JGL_PopupBox.obj) : warning LNK4099: '' PDB를 'JGL.lib(JGL_PopupBox.obj)' 또는 ''에서 찾을 수 없습니다. 디버그 정보가 없는 것처럼 개체를 링크합니다.
JGL.lib(JGL_Widget.obj) : warning LNK4099: '' PDB를 'JGL.lib(JGL_Widget.obj)' 또는 ''에서 찾을 수 없습니다. 디버그 정보가 없는 것처럼 개체를 링크합니다.
JGL.lib(JGL_Window.obj) : warning LNK4099: 'JGL.pdb' PDB를 'JGL.lib(JGL_Window.obj)' 또는 'C:\Users\cjw1464\source\repos\Character_LOD\x64\Release\JGL.pdb'에서 찾을 수 없습니다. 디버그 정보가 없는 것처럼 개체를 링크합니다.
JGL.lib(JGL__Draw.obj) : warning LNK4099: '' PDB를 'JGL.lib(JGL__Draw.obj)' 또는 ''에서 찾을 수 없습니다. 디버그 정보가 없는 것처럼 개체를 링크합니다.
JGL.lib(JGL__Popup.obj) : warning LNK4099: '' PDB를 'JGL.lib(JGL__Popup.obj)' 또는 ''에서 찾을 수 없습니다. 디버그 정보가 없는 것처럼 개체를 링크합니다.
JGL.lib(JGL__Scrollable.obj) : warning LNK4099: 'JGL.pdb' PDB를 'JGL.lib(JGL__Scrollable.obj)' 또는 'C:\Users\cjw1464\source\repos\Character_LOD\x64\Release\JGL.pdb'에서 찾을 수 없습니다. 디버그 정보가 없는 것처럼 개체를 링크합니다.
JGL.lib(JGL__Theme.obj) : warning LNK4099: 'JGL.pdb' PDB를 'JGL.lib(JGL__Theme.obj)' 또는 'C:\Users\cjw1464\source\repos\Character_LOD\x64\Release\JGL.pdb'에서 찾을 수 없습니다. 디버그 정보가 없는 것처럼 개체를 링크합니다.
JGL.lib(nanovg.obj) : warning LNK4099: '' PDB를 'JGL.lib(nanovg.obj)' 또는 ''에서 찾을 수 없습니다. 디버그 정보가 없는 것처럼 개체를 링크합니다.
glew32s.lib(glew.obj) : warning LNK4099: 'vc120.pdb' PDB를 'glew32s.lib(glew.obj)' 또는 'C:\Users\cjw1464\source\repos\Character_LOD\x64\Release\vc120.pdb'에서 찾을 수 없습니다. 디버그 정보가 없는 것처럼 개체를 링크합니다.
  Character_LOD.vcxproj -> C:\Users\cjw1464\source\repos\Character_LOD\x64\Release\Character_LOD.exe
